[2026-03-03 12:23:37.193963] DMA SUCCESS
Transfer Sequence : 1
SRC  : 0x0000000000001000
DST  : 0x0000000000002000
SIZE : 1024 bytes

[2026-03-03 12:23:38.904532] DMA SUCCESS
Transfer Sequence : 2
SRC  : 0x0000000000001000
DST  : 0x0000000000002000
SIZE : 1024 bytes

[2026-03-03 12:23:40.437746] DMA SUCCESS
Transfer Sequence : 3
SRC  : 0x0000000000001000
DST  : 0x0000000000002000
SIZE : 1024 bytes

[2026-03-03 12:23:41.983195] DMA SUCCESS
Transfer Sequence : 4
SRC  : 0x0000000000001000
DST  : 0x0000000000002000
SIZE : 1024 bytes


==================================================
[2026-03-03 12:23:47.119313] DMA ERROR OCCURRED

FAILED TRANSFER DETAILS:
Transfer Sequence   : 5
Source Address      : 0x0000000000001000
Destination Address : 0x0000000000002000
Transfer Size       : 1024 bytes

Total Successful Transfers : 8
Total Error Count          : 1
==================================================

[2026-03-04 04:48:18.917667] DMA SUCCESS
Transfer Sequence : 1
SRC  : 0x0000000000001000
DST  : 0x0000000000002000
SIZE : 1024 bytes

[2026-03-04 04:49:43.505834] DMA SUCCESS
Transfer Sequence : 1
SRC  : 0x0000000000001000
DST  : 0x0000000000002000
SIZE : 1024 bytes

[2026-03-04 05:03:12.427022] DMA SUCCESS
Transfer Sequence : 1
SRC  : 0x0000000000001000
DST  : 0x0000000000002000
SIZE : 1024 bytes

[2026-03-04 05:03:14.159094] DMA SUCCESS
Transfer Sequence : 2
SRC  : 0x0000000000001000
DST  : 0x0000000000002000
SIZE : 1024 bytes

[2026-03-04 05:03:16.060331] DMA SUCCESS
Transfer Sequence : 3
SRC  : 0x0000000000001000
DST  : 0x0000000000002000
SIZE : 1024 bytes

[2026-03-04 05:03:17.817721] DMA SUCCESS
Transfer Sequence : 4
SRC  : 0x0000000000001000
DST  : 0x0000000000002000
SIZE : 1024 bytes

[2026-03-04 05:13:35.692052] DMA SUCCESS
Transfer Sequence : 1
SRC  : 0x0000000000001000
DST  : 0x0000000000002000
SIZE : 1024 bytes

[2026-03-04 05:15:28.284587] DMA SUCCESS
Transfer Sequence : 1
SRC  : 0x0000000000001000
DST  : 0x0000000000002000
SIZE : 1024 bytes

[2026-03-04 05:15:29.740010] DMA SUCCESS
Transfer Sequence : 2
SRC  : 0x0000000000001000
DST  : 0x0000000000002000
SIZE : 1024 bytes

[2026-03-04 05:15:31.050239] DMA SUCCESS
Transfer Sequence : 3
SRC  : 0x0000000000001000
DST  : 0x0000000000002000
SIZE : 1024 bytes

[2026-03-04 05:15:32.510671] DMA SUCCESS
Transfer Sequence : 4
SRC  : 0x0000000000001000
DST  : 0x0000000000002000
SIZE : 1024 bytes


==================================================
[2026-03-04 05:15:36.311067] DMA ERROR OCCURRED

FAILED TRANSFER DETAILS:
Transfer Sequence   : 5
Source Address      : 0x0000000000001000
Destination Address : 0x0000000000002000
Transfer Size       : 1024 bytes

Total Successful Transfers : 8
Total Error Count          : 1
==================================================


==================================================
[2026-03-04 05:15:42.038900] DMA ERROR OCCURRED

FAILED TRANSFER DETAILS:
Transfer Sequence   : 6
Source Address      : 0x0000000000001000
Destination Address : 0x0000000000002000
Transfer Size       : 1024 bytes

Total Successful Transfers : 8
Total Error Count          : 2
==================================================

[2026-03-04 19:41:18.590099] DMA SUCCESS
Transfer Sequence : 1
SRC  : 0x0000000000001000
DST  : 0x0000000000002000
SIZE : 1024 bytes

